make all --print-data-base --no-builtin-variables --no-builtin-rules --question
make: *** No rule to make target 'all'.  Stop.

# GNU Make 4.2.1
# Built for x86_64-pc-linux-gnu
# Copyright (C) 1988-2016 Free Software Foundation, Inc.
# License GPLv3+: GNU GPL version 3 or later <http://gnu.org/licenses/gpl.html>
# This is free software: you are free to change and redistribute it.
# There is NO WARRANTY, to the extent permitted by law.

# Make data base, printed on Tue Aug  9 15:15:12 2022

# Variables

# 'override' directive
GNUMAKEFLAGS := 
# automatic
<D = $(patsubst %/,%,$(dir $<))
# automatic
?F = $(notdir $?)
# environment
DESKTOP_SESSION = ubuntu
# default
.SHELLFLAGS := -c
# environment
XDG_SESSION_CLASS = user
# environment
XDG_SESSION_TYPE = x11
# automatic
?D = $(patsubst %/,%,$(dir $?))
# environment
IM_CONFIG_PHASE = 1
# automatic
@D = $(patsubst %/,%,$(dir $@))
# environment
XAUTHORITY = /run/user/1000/gdm/Xauthority
# environment
GDMSESSION = ubuntu
# environment
XMODIFIERS = @im
# makefile
CURDIR := /home/samuel/programmation/bin_packing_solver
# makefile
SHELL = /bin/sh
# environment
VSCODE_NLS_CONFIG = {"locale":"fr","availableLanguages":{},"_languagePackSupport":true}
# environment
_ = /usr/bin/printenv
# makefile (from 'Makefile', line 3)
CFLAGS = -std=c++2a -pedantic -Wfatal-errors -Wconversion -Wredundant-decls -Wshadow -Wall -Wextra -O3
# environment
JOURNAL_STREAM = 8:66842
# environment
XDG_CONFIG_DIRS = /etc/xdg/xdg-ubuntu:/etc/xdg
# makefile (from 'Makefile', line 1)
MAKEFILE_LIST :=  Makefile
# automatic
@F = $(notdir $@)
# environment
GIO_LAUNCHED_DESKTOP_FILE = /usr/share/applications/code.desktop
# environment
USERNAME = samuel
# makefile (from 'Makefile', line 6)
OBJ_DIR = obj
# environment
MANDATORY_PATH = /usr/share/gconf/ubuntu.mandatory.path
# environment
XDG_DATA_DIRS = /usr/share/ubuntu:/usr/local/share/:/usr/share/:/var/lib/snapd/desktop
# environment
DBUS_SESSION_BUS_ADDRESS = unix:path
# environment
PERL_MM_OPT = INSTALL_BASE
# environment
MANAGERPID = 2841
# environment
LESSOPEN = | /usr/bin/lesspipe %s
# environment
VSCODE_CWD = /home/samuel
# default
MAKE_HOST := x86_64-pc-linux-gnu
# makefile (from 'Makefile', line 9)
OBJ_FILES := obj/heuristic.o obj/bins.o obj/bounds.o obj/main.o obj/instance.o obj/solver.o
# environment
PATH = /home/samuel/gems/bin:/home/samuel/perl5/bin:/usr/local/texlive/2022/bin/x86_64-linux:/home/samuel/.local/bin:/home/samuel/gems/bin:/home/samuel/perl5/bin:/home/samuel/.cargo/bin:/usr/local/texlive/2022/bin/x86_64-linux:/home/samuel/.local/bin:/usr/local/sbin:/usr/local/bin:/usr/sbin:/usr/bin:/sbin:/bin:/usr/games:/usr/local/games:/snap/bin
# environment
GPG_AGENT_INFO = /run/user/1000/gnupg/S.gpg-agent:0:1
# environment
SESSION_MANAGER = local/samuel-XPS-15-9510:@/tmp/.ICE-unix/3064,unix/samuel-XPS-15-9510:/tmp/.ICE-unix/3064
# environment
XDG_RUNTIME_DIR = /run/user/1000
# environment
XDG_MENU_PREFIX = gnome-
# environment
ELECTRON_RUN_AS_NODE = 1
# environment
INVOCATION_ID = 8aedf708ba414864a7259cf0325a1bde
# default
.FEATURES := target-specific order-only second-expansion else-if shortest-stem undefine oneshell archives jobserver output-sync check-symlink load
# environment
LS_COLORS = rs
# environment
XDG_SESSION_DESKTOP = ubuntu
# environment
SSH_AUTH_SOCK = /run/user/1000/keyring/ssh
# environment
GIO_LAUNCHED_DESKTOP_FILE_PID = 25101
# automatic
%F = $(notdir $%)
# environment
DISPLAY = :0
# environment
PWD = /home/samuel/programmation/bin_packing_solver
# default
.LOADED := 
# environment
GEM_HOME = /home/samuel/gems
# environment
SSH_AGENT_PID = 3026
# environment
ORIGINAL_XDG_CURRENT_DESKTOP = ubuntu:GNOME
# environment
GTK_MODULES = gail:atk-bridge
# environment
VSCODE_AMD_ENTRYPOINT = vs/workbench/api/node/extensionHostProcess
# environment
HOME = /home/samuel
# environment
PERL_MB_OPT = --install_base "/home/samuel/perl5"
# environment
LESSCLOSE = /usr/bin/lesspipe %s %s
# environment
PERL_LOCAL_LIB_ROOT = /home/samuel/perl5:/home/samuel/perl5
# environment
PERL5LIB = /home/samuel/perl5/lib/perl5:/home/samuel/perl5/lib/perl5
# environment
VSCODE_CODE_CACHE_PATH = /home/samuel/.config/Code/CachedData/3b889b090b5ad5793f524b5d1d39fda662b96a2a
# environment
LOGNAME = samuel
# environment
APPLICATION_INSIGHTS_NO_DIAGNOSTIC_CHANNEL = true
# environment
VSCODE_HANDLES_UNCAUGHT_ERRORS = true
# environment
GNOME_DESKTOP_SESSION_ID = this-is-deprecated
# automatic
^D = $(patsubst %/,%,$(dir $^))
# environment
MAKELEVEL := 0
# environment
COLORTERM = truecolor
# default
MAKE = $(MAKE_COMMAND)
# default
MAKECMDGOALS := all
# environment
QT_IM_MODULE = ibus
# environment
SHLVL = 1
# makefile (from 'Makefile', line 2)
CC = g++
# environment
GNOME_SHELL_SESSION_MODE = ubuntu
# default
MAKE_VERSION := 4.2.1
# environment
USER = samuel
# makefile
.DEFAULT_GOAL := test
# environment
XDG_CURRENT_DESKTOP = Unity
# automatic
%D = $(patsubst %/,%,$(dir $%))
# default
MAKE_COMMAND := make
# environment
TERM_PROGRAM = vscode
# default
.VARIABLES := 
# automatic
*F = $(notdir $*)
# environment
VSCODE_IPC_HOOK = /run/user/1000/vscode-cc1a4416-1.69.2-main.sock
# makefile
MAKEFLAGS = pqrR
# environment
MFLAGS = -pqrR
# automatic
*D = $(patsubst %/,%,$(dir $*))
# environment
TERM_PROGRAM_VERSION = 1.69.2
# automatic
+D = $(patsubst %/,%,$(dir $+))
# environment
GDK_BACKEND = x11
# automatic
+F = $(notdir $+)
# environment
QT_ACCESSIBILITY = 1
# environment
DEFAULTS_PATH = /usr/share/gconf/ubuntu.default.path
# default
MAKEFILES := 
# makefile (from 'Makefile', line 5)
SRC_DIR = src
# automatic
<F = $(notdir $<)
# environment
LC_ALL = C
# environment
GJS_DEBUG_TOPICS = JS ERROR;JS LOG
# automatic
^F = $(notdir $^)
# makefile (from 'Makefile', line 8)
SRC_FILES := src/heuristic.cpp src/bins.cpp src/bounds.cpp src/main.cpp src/instance.cpp src/solver.cpp
# default
SUFFIXES := 
# environment
CHROME_DESKTOP = code-url-handler.desktop
# environment
WINDOWPATH = 2
# default
.INCLUDE_DIRS = /usr/include /usr/local/include /usr/include
# environment
GJS_DEBUG_OUTPUT = stderr
# default
.RECIPEPREFIX := 
# environment
LANG = C
# environment
TERM = xterm-256color
# environment
VSCODE_PID = 25101
# variable set hash-table stats:
# Load=109/1024=11%, Rehash=0, Collisions=12/144=8%

# Pattern-specific Variable Values

# No pattern-specific variable values.

# Directories

# . (device 66311, inode 13377591): 10 files, no impossibilities.
# src (device 66311, inode 13377716): 13 files, no impossibilities.

# 23 files, no impossibilities in 2 directories.

# Implicit Rules

obj/%.o: src/%.cpp src/%.hpp
#  recipe to execute (from 'Makefile', line 18):
	$(CC) $(CFLAGS) $< -c -o $@

obj/%.o: src/%.cpp
#  recipe to execute (from 'Makefile', line 21):
	$(CC) $(CFLAGS) $< -c -o $@

# 2 implicit rules, 0 (0.0%) terminal.

# Files

# Not a target:
all:
#  Command line target.
#  Implicit rule search has been done.
#  File does not exist.
#  File has not been updated.

.PHONY: clean
#  Implicit rule search has not been done.
#  Modification time never checked.
#  File has not been updated.

# Not a target:
obj/main.o:
#  Implicit rule search has not been done.
#  Modification time never checked.
#  File has not been updated.

# Not a target:
Makefile:
#  Implicit rule search has been done.
#  Last modified 2022-08-09 15:04:38.961325699
#  File has been updated.
#  Successfully updated.

test:
#  Implicit rule search has not been done.
#  Modification time never checked.
#  File has not been updated.
#  recipe to execute (from 'Makefile', line 12):
	$(info $(SRC_FILES)) $(info $(OBJ_FILES))

# Not a target:
obj/bins.o:
#  Implicit rule search has not been done.
#  Modification time never checked.
#  File has not been updated.

# Not a target:
obj/heuristic.o:
#  Implicit rule search has not been done.
#  Modification time never checked.
#  File has not been updated.

# Not a target:
.DEFAULT:
#  Implicit rule search has not been done.
#  Modification time never checked.
#  File has not been updated.

clean:
 
#  Phony target (prerequisite of .PHONY).
#  Implicit rule search has not been done.
#  File does not exist.
#  File has not been updated.
#  recipe to execute (from 'Makefile', line 24):
	@rm -rf $(OBJ_DIR)/*.o main

# Not a target:
obj/bounds.o:
#  Implicit rule search has not been done.
#  Modification time never checked.
#  File has not been updated.

# Not a target:
obj/solver.o:
#  Implicit rule search has not been done.
#  Modification time never checked.
#  File has not been updated.

main: obj/heuristic.o obj/bins.o obj/bounds.o obj/main.o obj/instance.o obj/solver.o
#  Implicit rule search has not been done.
#  Modification time never checked.
#  File has not been updated.
#  recipe to execute (from 'Makefile', line 15):
	$(CC) $(CFLAGS) $(OBJ_FILES) -lglpk -o main

# Not a target:
obj/instance.o:
#  Implicit rule search has not been done.
#  Modification time never checked.
#  File has not been updated.

# files hash-table stats:
# Load=14/1024=1%, Rehash=0, Collisions=0/32=0%
# VPATH Search Paths

# No 'vpath' search paths.

# No general ('VPATH' variable) search path.

# strcache buffers: 1 (0) / strings = 39 / storage = 373 B / avg = 9 B
# current buf: size = 8162 B / used = 373 B / count = 39 / avg = 9 B

# strcache performance: lookups = 53 / hit rate = 26%
# hash-table stats:
# Load=39/8192=0%, Rehash=0, Collisions=2/53=4%
# Finished Make data base on Tue Aug  9 15:15:12 2022

 
